<?xml version="1.0" encoding="UTF-8"?>
<testng-results skipped="1" failed="0" total="1" passed="0">
  <reporter-output>
  </reporter-output>
  <suite name="Suite" duration-ms="27" started-at="2017-12-28T02:29:24Z" finished-at="2017-12-28T02:29:24Z">
    <groups>
    </groups>
    <test name="Test" duration-ms="27" started-at="2017-12-28T02:29:24Z" finished-at="2017-12-28T02:29:24Z">
      <class name="testcases.TC0001_GoogleSearch">
        <test-method status="PASS" signature="beforeSuite()[pri:0, instance:testcases.TC0001_GoogleSearch@df4efb]" name="beforeSuite" is-config="true" duration-ms="539" started-at="2017-12-28T07:59:23Z" finished-at="2017-12-28T07:59:24Z">
          <reporter-output>
          </reporter-output>
        </test-method> <!-- beforeSuite -->
        <test-method status="PASS" signature="beforeTest()[pri:0, instance:testcases.TC0001_GoogleSearch@df4efb]" name="beforeTest" is-config="true" duration-ms="0" started-at="2017-12-28T07:59:24Z" finished-at="2017-12-28T07:59:24Z">
          <reporter-output>
          </reporter-output>
        </test-method> <!-- beforeTest -->
        <test-method status="PASS" signature="setdata()[pri:0, instance:testcases.TC0001_GoogleSearch@df4efb]" name="setdata" is-config="true" duration-ms="1" started-at="2017-12-28T07:59:24Z" finished-at="2017-12-28T07:59:24Z">
          <reporter-output>
          </reporter-output>
        </test-method> <!-- setdata -->
        <test-method status="SKIP" signature="googlesearch(java.lang.String)[pri:0, instance:testcases.TC0001_GoogleSearch@df4efb]" name="googlesearch" duration-ms="0" started-at="2017-12-28T07:59:24Z" data-provider="fetchdata" finished-at="2017-12-28T07:59:24Z">
          <exception class="org.testng.TestNGException">
            <message>
              <![CDATA[
Method public void testcases.TC0001_GoogleSearch.googlesearch(java.lang.String) requires a @DataProvider named : fetchdata]]>
            </message>
            <full-stacktrace>
              <![CDATA[org.testng.TestNGException: 
Method public void testcases.TC0001_GoogleSearch.googlesearch(java.lang.String) requires a @DataProvider named : fetchdata
	at org.testng.internal.Parameters.findDataProvider(Parameters.java:263)
	at org.testng.internal.Parameters.handleParameters(Parameters.java:419)
	at org.testng.internal.Invoker.handleParameters(Invoker.java:1274)
	at org.testng.internal.Invoker.createParameters(Invoker.java:989)
	at org.testng.internal.Invoker.invokeTestMethods(Invoker.java:1079)
	at org.testng.internal.TestMethodWorker.invokeTestMethods(TestMethodWorker.java:129)
	at org.testng.internal.TestMethodWorker.run(TestMethodWorker.java:112)
	at org.testng.TestRunner.privateRun(TestRunner.java:782)
	at org.testng.TestRunner.run(TestRunner.java:632)
	at org.testng.SuiteRunner.runTest(SuiteRunner.java:366)
	at org.testng.SuiteRunner.runSequentially(SuiteRunner.java:361)
	at org.testng.SuiteRunner.privateRun(SuiteRunner.java:319)
	at org.testng.SuiteRunner.run(SuiteRunner.java:268)
	at org.testng.SuiteRunnerWorker.runSuite(SuiteRunnerWorker.java:52)
	at org.testng.SuiteRunnerWorker.run(SuiteRunnerWorker.java:86)
	at org.testng.TestNG.runSuitesSequentially(TestNG.java:1244)
	at org.testng.TestNG.runSuitesLocally(TestNG.java:1169)
	at org.testng.TestNG.run(TestNG.java:1064)
	at org.testng.remote.RemoteTestNG.run(RemoteTestNG.java:113)
	at org.testng.remote.RemoteTestNG.initAndRun(RemoteTestNG.java:206)
	at org.testng.remote.RemoteTestNG.main(RemoteTestNG.java:177)
]]>
            </full-stacktrace>
          </exception> <!-- org.testng.TestNGException -->
          <reporter-output>
          </reporter-output>
        </test-method> <!-- googlesearch -->
        <test-method status="PASS" signature="afterTest()[pri:0, instance:testcases.TC0001_GoogleSearch@df4efb]" name="afterTest" is-config="true" duration-ms="0" started-at="2017-12-28T07:59:24Z" finished-at="2017-12-28T07:59:24Z">
          <reporter-output>
          </reporter-output>
        </test-method> <!-- afterTest -->
        <test-method status="PASS" signature="afterSuite()[pri:0, instance:testcases.TC0001_GoogleSearch@df4efb]" name="afterSuite" is-config="true" duration-ms="1" started-at="2017-12-28T07:59:24Z" finished-at="2017-12-28T07:59:24Z">
          <reporter-output>
          </reporter-output>
        </test-method> <!-- afterSuite -->
      </class> <!-- testcases.TC0001_GoogleSearch -->
    </test> <!-- Test -->
  </suite> <!-- Suite -->
</testng-results>
